-------------------------------------------------------------------------------
Test set: com.pjatk.example.mathutils.tests.MathUtilsTest
-------------------------------------------------------------------------------
Tests run: 1, Failures: 1, Errors: 0, Skipped: 0, Time elapsed: 0.018 sec <<< FAILURE!
com.pjatk.example.mathutils.tests.MathUtilsTest.test_if_utils_properly_counts_factorial()  Time elapsed: 0.015 sec  <<< FAILURE!
java.lang.AssertionError: 
Expected: is <120>
     but: was <1>
	at org.hamcrest.MatcherAssert.assertThat(MatcherAssert.java:20)
	at org.hamcrest.MatcherAssert.assertThat(MatcherAssert.java:6)
	at com.pjatk.example.mathutils.tests.MathUtilsTest.test_if_utils_properly_counts_factorial(MathUtilsTest.java:14)

