<?xml version="1.0" encoding="UTF-8" ?>
<testsuite tests="1" failures="1" name="com.pjatk.example.mathutils.tests.MathUtilsTest" time="0.015" errors="0" skipped="0">
  <properties>
[...]
</properties>
  <testcase classname="com.pjatk.example.mathutils.tests.MathUtilsTest" name="com.pjatk.example.mathutils.tests.MathUtilsTest.test_if_utils_properly_counts_factorial" time="0.015">
    <failure message="
Expected: is &lt;120&gt;
     but: was &lt;1&gt;" type="java.lang.AssertionError">java.lang.AssertionError: 
Expected: is &lt;120&gt;
     but: was &lt;1&gt;
	at org.hamcrest.MatcherAssert.assertThat(MatcherAssert.java:20)
	at org.hamcrest.MatcherAssert.assertThat(MatcherAssert.java:6)
	at com.pjatk.example.mathutils.tests.MathUtilsTest.test_if_utils_properly_counts_factorial(MathUtilsTest.java:14)
</failure>
  </testcase>
</testsuite>